<?xml version="1.0" encoding="UTF-8"?>
<testsuite name="com.kodilla.ecommercee.domainTests.OrderTestSuite" tests="6" skipped="0" failures="0" errors="0" timestamp="2024-03-21T23:07:42" hostname="DESKTOP-C1DJV2H" time="0.528">
  <properties/>
  <testcase name="testDeleteOrder()" classname="com.kodilla.ecommercee.domainTests.OrderTestSuite" time="0.467"/>
  <testcase name="testUpdateOrder()" classname="com.kodilla.ecommercee.domainTests.OrderTestSuite" time="0.008"/>
  <testcase name="testFindAllByActiveTrue()" classname="com.kodilla.ecommercee.domainTests.OrderTestSuite" time="0.017"/>
  <testcase name="testSaveOrder()" classname="com.kodilla.ecommercee.domainTests.OrderTestSuite" time="0.008"/>
  <testcase name="testAddProductsToOrder()" classname="com.kodilla.ecommercee.domainTests.OrderTestSuite" time="0.014"/>
  <testcase name="testFindOrderById()" classname="com.kodilla.ecommercee.domainTests.OrderTestSuite" time="0.008"/>
  <system-out><![CDATA[00:07:39.486 [Test worker] INFO org.springframework.test.context.support.AnnotationConfigContextLoaderUtils -- Could not detect default configuration classes for test class [com.kodilla.ecommercee.domainTests.OrderTestSuite]: OrderTestSuite does not declare any static, non-private, non-final, nested classes annotated with @Configuration.
00:07:39.551 [Test worker] INFO org.springframework.boot.test.context.SpringBootTestContextBootstrapper -- Found @SpringBootConfiguration com.kodilla.ecommercee.EcommerceeApplication for test class com.kodilla.ecommercee.domainTests.OrderTestSuite

  .   ____          _            __ _ _
 /\\ / ___'_ __ _ _(_)_ __  __ _ \ \ \ \
( ( )\___ | '_ | '_| | '_ \/ _` | \ \ \ \
 \\/  ___)| |_)| | | | | || (_| |  ) ) ) )
  '  |____| .__|_| |_|_| |_\__, | / / / /
 =========|_|==============|___/=/_/_/_/
 :: Spring Boot ::                (v3.2.2)

2024-03-22T00:07:39.813+01:00  INFO 15576 --- [    Test worker] c.k.e.domainTests.OrderTestSuite         : Starting OrderTestSuite using Java 20.0.2 with PID 15576 (started by ayuru in G:\Java Projects\Team\project-jdp-2402-01)
2024-03-22T00:07:39.814+01:00  INFO 15576 --- [    Test worker] c.k.e.domainTests.OrderTestSuite         : No active profile set, falling back to 1 default profile: "default"
2024-03-22T00:07:40.196+01:00  INFO 15576 --- [    Test worker] .s.d.r.c.RepositoryConfigurationDelegate : Bootstrapping Spring Data JPA repositories in DEFAULT mode.
2024-03-22T00:07:40.237+01:00  INFO 15576 --- [    Test worker] .s.d.r.c.RepositoryConfigurationDelegate : Finished Spring Data repository scanning in 35 ms. Found 5 JPA repository interfaces.
2024-03-22T00:07:40.500+01:00  INFO 15576 --- [    Test worker] com.zaxxer.hikari.HikariDataSource       : HikariPool-1 - Starting...
2024-03-22T00:07:40.631+01:00  INFO 15576 --- [    Test worker] com.zaxxer.hikari.pool.HikariPool        : HikariPool-1 - Added connection conn0: url=jdbc:h2:mem:testdb user=SA
2024-03-22T00:07:40.632+01:00  INFO 15576 --- [    Test worker] com.zaxxer.hikari.HikariDataSource       : HikariPool-1 - Start completed.
2024-03-22T00:07:40.668+01:00  INFO 15576 --- [    Test worker] o.hibernate.jpa.internal.util.LogHelper  : HHH000204: Processing PersistenceUnitInfo [name: default]
2024-03-22T00:07:40.708+01:00  INFO 15576 --- [    Test worker] org.hibernate.Version                    : HHH000412: Hibernate ORM core version 6.4.1.Final
2024-03-22T00:07:40.734+01:00  INFO 15576 --- [    Test worker] o.h.c.internal.RegionFactoryInitiator    : HHH000026: Second-level cache disabled
2024-03-22T00:07:40.902+01:00  INFO 15576 --- [    Test worker] o.s.o.j.p.SpringPersistenceUnitInfo      : No LoadTimeWeaver setup: ignoring JPA class transformer
2024-03-22T00:07:41.553+01:00  INFO 15576 --- [    Test worker] o.h.e.t.j.p.i.JtaPlatformInitiator       : HHH000489: No JTA platform available (set 'hibernate.transaction.jta.platform' to enable JTA platform integration)
2024-03-22T00:07:41.593+01:00  INFO 15576 --- [    Test worker] j.LocalContainerEntityManagerFactoryBean : Initialized JPA EntityManagerFactory for persistence unit 'default'
2024-03-22T00:07:41.698+01:00  WARN 15576 --- [    Test worker] JpaBaseConfiguration$JpaWebConfiguration : spring.jpa.open-in-view is enabled by default. Therefore, database queries may be performed during view rendering. Explicitly configure spring.jpa.open-in-view to disable this warning
2024-03-22T00:07:42.328+01:00  INFO 15576 --- [    Test worker] c.k.e.domainTests.OrderTestSuite         : Started OrderTestSuite in 2.674 seconds (process running for 3.453)
]]></system-out>
  <system-err><![CDATA[]]></system-err>
</testsuite>
